2026-02-03 19:50:22.302 [main] INFO  it.flaviosimonelli.isw2.Main - Avvio applicazione ISW2 Prediction...
2026-02-03 19:50:22.307 [main] INFO  it.flaviosimonelli.isw2.Main - Project: OPENJPA
2026-02-03 19:50:22.309 [main] INFO  it.flaviosimonelli.isw2.Main - Execution Mode: ML_ONLY
2026-02-03 19:50:22.309 [main] INFO  it.flaviosimonelli.isw2.Main - Base Output Dir: C:\Users\flavi\Projects\ProjectAnalyzerAI\.\results
2026-02-03 19:50:22.309 [main] INFO  it.flaviosimonelli.isw2.Main - >>> STEP 3: Machine Learning (Weka)
2026-02-03 19:50:22.313 [main] INFO  i.f.i.c.EvaluationModelsController - Avvio esperimento Bug Prediction per OPENJPA
2026-02-03 19:50:22.321 [main] INFO  i.f.isw2.ml.data.WekaDataLoader - Caricamento dataset da: .\results\dataset\OPENJPA_dataset.csv
2026-02-03 19:50:25.866 [main] INFO  i.f.i.c.EvaluationModelsController - >>> INIZIO RUN 1/1 <<<
2026-02-03 19:50:25.869 [main] DEBUG i.f.isw2.ml.model.ClassifierFactory - Istanza Classificatore richiesta: RandomForest
2026-02-03 19:50:25.869 [main] DEBUG i.f.isw2.ml.sampling.SamplingFactory - Istanza Sampling Strategy richiesta: NoSampling
2026-02-03 19:50:25.870 [main] DEBUG i.f.i.m.f.FeatureSelectionFactory - Istanza Feature Selection richiesta: NoSelection
2026-02-03 19:50:25.870 [main] INFO  i.f.i.c.EvaluationModelsController - Valutazione: [Run 1] RandomForest + NoSampling + NoSelection (CSV: NoSelection)
2026-02-03 20:06:47.222 [main] INFO  i.f.i.ml.reporting.CsvResultExporter - Salvati 13 risultati per RandomForest (NoSampling, NoSelection)
2026-02-03 20:06:47.223 [main] DEBUG i.f.isw2.ml.model.ClassifierFactory - Istanza Classificatore richiesta: RandomForest
2026-02-03 20:06:47.223 [main] DEBUG i.f.isw2.ml.sampling.SamplingFactory - Istanza Sampling Strategy richiesta: Undersampling
2026-02-03 20:06:47.224 [main] DEBUG i.f.i.m.f.FeatureSelectionFactory - Istanza Feature Selection richiesta: NoSelection
2026-02-03 20:06:47.224 [main] INFO  i.f.i.c.EvaluationModelsController - Valutazione: [Run 1] RandomForest + Undersampling + NoSelection (CSV: NoSelection)
2026-02-03 20:10:36.518 [main] INFO  i.f.i.ml.reporting.CsvResultExporter - Salvati 13 risultati per RandomForest (Undersampling, NoSelection)
2026-02-03 20:10:36.519 [main] DEBUG i.f.isw2.ml.model.ClassifierFactory - Istanza Classificatore richiesta: NaiveBayes
2026-02-03 20:10:36.520 [main] DEBUG i.f.isw2.ml.sampling.SamplingFactory - Istanza Sampling Strategy richiesta: NoSampling
2026-02-03 20:10:36.520 [main] DEBUG i.f.i.m.f.FeatureSelectionFactory - Istanza Feature Selection richiesta: NoSelection
2026-02-03 20:10:36.520 [main] INFO  i.f.i.c.EvaluationModelsController - Valutazione: [Run 1] NaiveBayes + NoSampling + NoSelection (CSV: NoSelection)
2026-02-03 20:10:43.314 [main] INFO  i.f.i.ml.reporting.CsvResultExporter - Salvati 13 risultati per NaiveBayes (NoSampling, NoSelection)
2026-02-03 20:10:43.316 [main] DEBUG i.f.isw2.ml.model.ClassifierFactory - Istanza Classificatore richiesta: NaiveBayes
2026-02-03 20:10:43.316 [main] DEBUG i.f.isw2.ml.sampling.SamplingFactory - Istanza Sampling Strategy richiesta: Undersampling
2026-02-03 20:10:43.316 [main] DEBUG i.f.i.m.f.FeatureSelectionFactory - Istanza Feature Selection richiesta: NoSelection
2026-02-03 20:10:43.316 [main] INFO  i.f.i.c.EvaluationModelsController - Valutazione: [Run 1] NaiveBayes + Undersampling + NoSelection (CSV: NoSelection)
2026-02-03 20:10:47.025 [main] INFO  i.f.i.ml.reporting.CsvResultExporter - Salvati 13 risultati per NaiveBayes (Undersampling, NoSelection)
2026-02-03 20:10:47.026 [main] DEBUG i.f.isw2.ml.model.ClassifierFactory - Istanza Classificatore richiesta: IBk
2026-02-03 20:10:47.026 [main] DEBUG i.f.isw2.ml.sampling.SamplingFactory - Istanza Sampling Strategy richiesta: NoSampling
2026-02-03 20:10:47.026 [main] DEBUG i.f.i.m.f.FeatureSelectionFactory - Istanza Feature Selection richiesta: NoSelection
2026-02-03 20:10:47.026 [main] INFO  i.f.i.c.EvaluationModelsController - Valutazione: [Run 1] IBk + NoSampling + NoSelection (CSV: NoSelection)
2026-02-03 20:39:16.725 [main] INFO  i.f.i.ml.reporting.CsvResultExporter - Salvati 13 risultati per IBk (NoSampling, NoSelection)
2026-02-03 20:39:16.726 [main] DEBUG i.f.isw2.ml.model.ClassifierFactory - Istanza Classificatore richiesta: IBk
2026-02-03 20:39:16.726 [main] DEBUG i.f.isw2.ml.sampling.SamplingFactory - Istanza Sampling Strategy richiesta: Undersampling
2026-02-03 20:39:16.726 [main] DEBUG i.f.i.m.f.FeatureSelectionFactory - Istanza Feature Selection richiesta: NoSelection
2026-02-03 20:39:16.726 [main] INFO  i.f.i.c.EvaluationModelsController - Valutazione: [Run 1] IBk + Undersampling + NoSelection (CSV: NoSelection)
2026-02-03 20:50:49.189 [main] INFO  i.f.i.ml.reporting.CsvResultExporter - Salvati 13 risultati per IBk (Undersampling, NoSelection)
2026-02-03 20:50:49.190 [main] DEBUG i.f.isw2.ml.model.ClassifierFactory - Istanza Classificatore richiesta: RandomForest
2026-02-03 20:50:49.190 [main] DEBUG i.f.isw2.ml.sampling.SamplingFactory - Istanza Sampling Strategy richiesta: NoSampling
2026-02-03 20:50:49.190 [main] DEBUG i.f.i.m.f.FeatureSelectionFactory - Istanza Feature Selection richiesta: InfoGain
2026-02-03 20:50:49.191 [main] INFO  i.f.i.c.EvaluationModelsController - Valutazione: [Run 1] RandomForest + NoSampling + InfoGain (CSV: InfoGain)
2026-02-03 20:58:35.201 [main] INFO  i.f.i.ml.reporting.CsvResultExporter - Salvati 13 risultati per RandomForest (NoSampling, InfoGain)
2026-02-03 20:58:35.202 [main] DEBUG i.f.isw2.ml.model.ClassifierFactory - Istanza Classificatore richiesta: RandomForest
2026-02-03 20:58:35.202 [main] DEBUG i.f.isw2.ml.sampling.SamplingFactory - Istanza Sampling Strategy richiesta: Undersampling
2026-02-03 20:58:35.202 [main] DEBUG i.f.i.m.f.FeatureSelectionFactory - Istanza Feature Selection richiesta: InfoGain
2026-02-03 20:58:35.202 [main] INFO  i.f.i.c.EvaluationModelsController - Valutazione: [Run 1] RandomForest + Undersampling + InfoGain (CSV: InfoGain)
2026-02-03 21:00:51.516 [main] INFO  i.f.i.ml.reporting.CsvResultExporter - Salvati 13 risultati per RandomForest (Undersampling, InfoGain)
2026-02-03 21:00:51.517 [main] DEBUG i.f.isw2.ml.model.ClassifierFactory - Istanza Classificatore richiesta: NaiveBayes
2026-02-03 21:00:51.517 [main] DEBUG i.f.isw2.ml.sampling.SamplingFactory - Istanza Sampling Strategy richiesta: NoSampling
2026-02-03 21:00:51.517 [main] DEBUG i.f.i.m.f.FeatureSelectionFactory - Istanza Feature Selection richiesta: InfoGain
2026-02-03 21:00:51.517 [main] INFO  i.f.i.c.EvaluationModelsController - Valutazione: [Run 1] NaiveBayes + NoSampling + InfoGain (CSV: InfoGain)
2026-02-03 21:01:17.457 [main] INFO  i.f.i.ml.reporting.CsvResultExporter - Salvati 13 risultati per NaiveBayes (NoSampling, InfoGain)
2026-02-03 21:01:17.458 [main] DEBUG i.f.isw2.ml.model.ClassifierFactory - Istanza Classificatore richiesta: NaiveBayes
2026-02-03 21:01:17.458 [main] DEBUG i.f.isw2.ml.sampling.SamplingFactory - Istanza Sampling Strategy richiesta: Undersampling
2026-02-03 21:01:17.458 [main] DEBUG i.f.i.m.f.FeatureSelectionFactory - Istanza Feature Selection richiesta: InfoGain
2026-02-03 21:01:17.458 [main] INFO  i.f.i.c.EvaluationModelsController - Valutazione: [Run 1] NaiveBayes + Undersampling + InfoGain (CSV: InfoGain)
2026-02-03 21:01:41.742 [main] INFO  i.f.i.ml.reporting.CsvResultExporter - Salvati 13 risultati per NaiveBayes (Undersampling, InfoGain)
2026-02-03 21:01:41.743 [main] DEBUG i.f.isw2.ml.model.ClassifierFactory - Istanza Classificatore richiesta: IBk
2026-02-03 21:01:41.743 [main] DEBUG i.f.isw2.ml.sampling.SamplingFactory - Istanza Sampling Strategy richiesta: NoSampling
2026-02-03 21:01:41.743 [main] DEBUG i.f.i.m.f.FeatureSelectionFactory - Istanza Feature Selection richiesta: InfoGain
2026-02-03 21:01:41.743 [main] INFO  i.f.i.c.EvaluationModelsController - Valutazione: [Run 1] IBk + NoSampling + InfoGain (CSV: InfoGain)
2026-02-03 21:24:14.726 [main] INFO  i.f.i.ml.reporting.CsvResultExporter - Salvati 13 risultati per IBk (NoSampling, InfoGain)
2026-02-03 21:24:14.727 [main] DEBUG i.f.isw2.ml.model.ClassifierFactory - Istanza Classificatore richiesta: IBk
2026-02-03 21:24:14.727 [main] DEBUG i.f.isw2.ml.sampling.SamplingFactory - Istanza Sampling Strategy richiesta: Undersampling
2026-02-03 21:24:14.727 [main] DEBUG i.f.i.m.f.FeatureSelectionFactory - Istanza Feature Selection richiesta: InfoGain
2026-02-03 21:24:14.727 [main] INFO  i.f.i.c.EvaluationModelsController - Valutazione: [Run 1] IBk + Undersampling + InfoGain (CSV: InfoGain)
2026-02-03 21:32:18.110 [main] INFO  i.f.i.ml.reporting.CsvResultExporter - Salvati 13 risultati per IBk (Undersampling, InfoGain)
2026-02-03 21:32:18.111 [main] DEBUG i.f.isw2.ml.model.ClassifierFactory - Istanza Classificatore richiesta: RandomForest
2026-02-03 21:32:18.111 [main] DEBUG i.f.isw2.ml.sampling.SamplingFactory - Istanza Sampling Strategy richiesta: NoSampling
2026-02-03 21:32:18.111 [main] DEBUG i.f.i.m.f.FeatureSelectionFactory - Istanza Feature Selection richiesta: BestFirst
2026-02-03 21:32:18.111 [main] INFO  i.f.i.c.EvaluationModelsController - Valutazione: [Run 1] RandomForest + NoSampling + BestFirst (CSV: BestFirst)
2026-02-03 21:35:57.833 [main] INFO  i.f.i.ml.reporting.CsvResultExporter - Salvati 13 risultati per RandomForest (NoSampling, BestFirst)
2026-02-03 21:35:57.834 [main] DEBUG i.f.isw2.ml.model.ClassifierFactory - Istanza Classificatore richiesta: RandomForest
2026-02-03 21:35:57.834 [main] DEBUG i.f.isw2.ml.sampling.SamplingFactory - Istanza Sampling Strategy richiesta: Undersampling
2026-02-03 21:35:57.834 [main] DEBUG i.f.i.m.f.FeatureSelectionFactory - Istanza Feature Selection richiesta: BestFirst
2026-02-03 21:35:57.834 [main] INFO  i.f.i.c.EvaluationModelsController - Valutazione: [Run 1] RandomForest + Undersampling + BestFirst (CSV: BestFirst)
2026-02-03 21:37:22.323 [main] INFO  i.f.i.ml.reporting.CsvResultExporter - Salvati 13 risultati per RandomForest (Undersampling, BestFirst)
2026-02-03 21:37:22.324 [main] DEBUG i.f.isw2.ml.model.ClassifierFactory - Istanza Classificatore richiesta: NaiveBayes
2026-02-03 21:37:22.324 [main] DEBUG i.f.isw2.ml.sampling.SamplingFactory - Istanza Sampling Strategy richiesta: NoSampling
2026-02-03 21:37:22.324 [main] DEBUG i.f.i.m.f.FeatureSelectionFactory - Istanza Feature Selection richiesta: BestFirst
2026-02-03 21:37:22.324 [main] INFO  i.f.i.c.EvaluationModelsController - Valutazione: [Run 1] NaiveBayes + NoSampling + BestFirst (CSV: BestFirst)
2026-02-03 21:37:53.117 [main] INFO  i.f.i.ml.reporting.CsvResultExporter - Salvati 13 risultati per NaiveBayes (NoSampling, BestFirst)
2026-02-03 21:37:53.118 [main] DEBUG i.f.isw2.ml.model.ClassifierFactory - Istanza Classificatore richiesta: NaiveBayes
2026-02-03 21:37:53.118 [main] DEBUG i.f.isw2.ml.sampling.SamplingFactory - Istanza Sampling Strategy richiesta: Undersampling
2026-02-03 21:37:53.118 [main] DEBUG i.f.i.m.f.FeatureSelectionFactory - Istanza Feature Selection richiesta: BestFirst
2026-02-03 21:37:53.118 [main] INFO  i.f.i.c.EvaluationModelsController - Valutazione: [Run 1] NaiveBayes + Undersampling + BestFirst (CSV: BestFirst)
2026-02-03 21:38:25.373 [main] INFO  i.f.i.ml.reporting.CsvResultExporter - Salvati 13 risultati per NaiveBayes (Undersampling, BestFirst)
2026-02-03 21:38:25.374 [main] DEBUG i.f.isw2.ml.model.ClassifierFactory - Istanza Classificatore richiesta: IBk
2026-02-03 21:38:25.374 [main] DEBUG i.f.isw2.ml.sampling.SamplingFactory - Istanza Sampling Strategy richiesta: NoSampling
2026-02-03 21:38:25.374 [main] DEBUG i.f.i.m.f.FeatureSelectionFactory - Istanza Feature Selection richiesta: BestFirst
2026-02-03 21:38:25.374 [main] INFO  i.f.i.c.EvaluationModelsController - Valutazione: [Run 1] IBk + NoSampling + BestFirst (CSV: BestFirst)
2026-02-03 22:00:20.399 [main] INFO  i.f.i.ml.reporting.CsvResultExporter - Salvati 13 risultati per IBk (NoSampling, BestFirst)
2026-02-03 22:00:20.399 [main] DEBUG i.f.isw2.ml.model.ClassifierFactory - Istanza Classificatore richiesta: IBk
2026-02-03 22:00:20.399 [main] DEBUG i.f.isw2.ml.sampling.SamplingFactory - Istanza Sampling Strategy richiesta: Undersampling
2026-02-03 22:00:20.399 [main] DEBUG i.f.i.m.f.FeatureSelectionFactory - Istanza Feature Selection richiesta: BestFirst
2026-02-03 22:00:20.399 [main] INFO  i.f.i.c.EvaluationModelsController - Valutazione: [Run 1] IBk + Undersampling + BestFirst (CSV: BestFirst)
2026-02-03 22:08:43.982 [main] INFO  i.f.i.ml.reporting.CsvResultExporter - Salvati 13 risultati per IBk (Undersampling, BestFirst)
2026-02-03 22:08:43.983 [main] INFO  i.f.i.c.EvaluationModelsController - Esperimento completato. Report in: .\results\ml\OPENJPA_validation_results.csv
2026-02-03 22:08:43.984 [main] INFO  it.flaviosimonelli.isw2.Main - >>> STEP 4: Generazione Grafici (Python)
2026-02-03 22:08:43.985 [main] INFO  i.f.i.m.r.GraphGenerationService - Avvio generazione grafici Python...
2026-02-03 22:08:51.234 [main] INFO  i.f.i.m.r.GraphGenerationService - [PYTHON] [Python] Avvio generazione grafici a matrice...
2026-02-03 22:08:51.235 [main] INFO  i.f.i.m.r.GraphGenerationService - [PYTHON] [Python] Generazione grafico per Precision...
2026-02-03 22:08:51.235 [main] INFO  i.f.i.m.r.GraphGenerationService - [PYTHON] [Python] Salvato: OPENJPA_matrix_Precision.png
2026-02-03 22:08:51.236 [main] INFO  i.f.i.m.r.GraphGenerationService - [PYTHON] [Python] Generazione grafico per Recall...
2026-02-03 22:08:51.236 [main] INFO  i.f.i.m.r.GraphGenerationService - [PYTHON] [Python] Salvato: OPENJPA_matrix_Recall.png
2026-02-03 22:08:51.236 [main] INFO  i.f.i.m.r.GraphGenerationService - [PYTHON] [Python] Generazione grafico per F-Measure...
2026-02-03 22:08:51.237 [main] INFO  i.f.i.m.r.GraphGenerationService - [PYTHON] [Python] Salvato: OPENJPA_matrix_F-Measure.png
2026-02-03 22:08:51.237 [main] INFO  i.f.i.m.r.GraphGenerationService - [PYTHON] [Python] Generazione grafico per AUC...
2026-02-03 22:08:51.238 [main] INFO  i.f.i.m.r.GraphGenerationService - [PYTHON] [Python] Salvato: OPENJPA_matrix_AUC.png
2026-02-03 22:08:51.238 [main] INFO  i.f.i.m.r.GraphGenerationService - [PYTHON] [Python] Generazione grafico per Kappa...
2026-02-03 22:08:51.238 [main] INFO  i.f.i.m.r.GraphGenerationService - [PYTHON] [Python] Salvato: OPENJPA_matrix_Kappa.png
2026-02-03 22:08:51.239 [main] INFO  i.f.i.m.r.GraphGenerationService - [PYTHON] [Python] Generazione grafico per NPofB20...
2026-02-03 22:08:51.239 [main] INFO  i.f.i.m.r.GraphGenerationService - [PYTHON] [Python] Salvato: OPENJPA_matrix_NPofB20.png
2026-02-03 22:08:51.697 [main] INFO  i.f.i.m.r.GraphGenerationService - Grafici generati correttamente in: .\results\ml\graphs
2026-02-03 22:08:51.698 [main] INFO  it.flaviosimonelli.isw2.Main - === PROCESSO TERMINATO CON SUCCESSO ===
